7 213 281 228 186 143 132 183
6 103 161 48 206 189 149
6 13 73 83 256 123 175
7 180 193 115 59 297 233 130
8 290 187 295 266 43 278 211 274
8 54 232 160 269 255 135 173 2
7 0 227 258 250 17 9 151
7 296 174 177 10 30 77 165
7 259 147 238 292 251 52 169
6 260 38 42 20 240 257
6 88 203 209 197 252 153
9 249 150 254 76 118 288 272 84 247
5 16 196 141 215 94
5 140 70 67 194 49
6 237 190 138 182 100 1
8 212 224 3 5 45 192 229 208
10 63 102 82 109 139 31 55 71 270 178
9 164 7 127 22 6 219 78 280 46
5 282 121 35 152 97
8 15 188 28 217 264 155 47 69
10 75 159 107 128 68 89 223 142 120 37
11 156 113 40 222 158 253 291 51 176 279 293
9 216 110 24 105 11 131 98 289 126
8 144 79 271 191 119 265 66 262
7 285 245 268 236 81 106 154
9 148 276 56 166 204 283 112 104 231
8 85 162 92 241 61 235 248 242
6 116 80 93 201 199 12
6 95 14 170 101 181 145
5 185 27 90 287 205
5 96 146 86 163 124
7 167 273 200 53 64 195 25
5 62 74 44 172 114
8 72 294 137 60 29 244 298 23
7 108 136 21 39 284 111 117
7 168 275 286 58 198 214 207
5 210 57 91 202 26
5 19 226 32 122 243
5 184 133 129 230 50
5 87 8 171 277 157
4 220 218 125 239
3 34 41 267
3 134 246 225
1 18
2 4 263
3 99 299 261






















































